$ nuxt build
┌  Building Nuxt for production...
│
●  Nuxt 4.4.6 (with Nitro 2.13.4, Vite 7.3.3 and Vue 3.5.34)
│
●  Nitro preset: node-server
ℹ Building client...
ℹ vite v7.3.3 building client environment for production...

 WARN  [plugin nuxt:module-preload-polyfill] Sourcemap is likely to be incorrect: a plugin (nuxt:module-preload-polyfill) was used to transform files, but didn't generate a sourcemap for the transformation. Consult the plugin documentation for help

ℹ transforming...
ℹ ✓ 209 modules transformed.

 WARN  Generated an empty chunk: "vendor-capacitor".

ℹ rendering chunks...
ℹ computing gzip size...
ℹ ../node_modules/.cache/nuxt/.nuxt/dist/client/manifest.json                                          5.02 kB │ gzip:  0.82 kB
ℹ ../node_modules/.cache/nuxt/.nuxt/dist/client/_nuxt/inter-vietnamese-wght-normal.CBcvBZtf.woff2     10.25 kB
ℹ ../node_modules/.cache/nuxt/.nuxt/dist/client/_nuxt/inter-greek-ext-wght-normal.DlzME5K_.woff2      11.23 kB
ℹ ../node_modules/.cache/nuxt/.nuxt/dist/client/_nuxt/inter-cyrillic-wght-normal.DqGufNeO.woff2       18.75 kB
ℹ ../node_modules/.cache/nuxt/.nuxt/dist/client/_nuxt/inter-greek-wght-normal.CkhJZR-_.woff2          19.00 kB
ℹ ../node_modules/.cache/nuxt/.nuxt/dist/client/_nuxt/inter-cyrillic-ext-wght-normal.BOeWTOD4.woff2   25.96 kB
ℹ ../node_modules/.cache/nuxt/.nuxt/dist/client/_nuxt/inter-latin-wght-normal.Dx4kXJAl.woff2          48.26 kB
ℹ ../node_modules/.cache/nuxt/.nuxt/dist/client/_nuxt/inter-latin-ext-wght-normal.DO1Apj_S.woff2      85.07 kB
ℹ ../node_modules/.cache/nuxt/.nuxt/dist/client/_nuxt/error-500.BW0Y54Of.css                           1.91 kB │ gzip:  0.73 kB
ℹ ../node_modules/.cache/nuxt/.nuxt/dist/client/_nuxt/entry.yl_Jpm-T.css                               2.22 kB │ gzip:  0.75 kB
ℹ ../node_modules/.cache/nuxt/.nuxt/dist/client/_nuxt/error-404.C3kT2QX-.css                           2.43 kB │ gzip:  0.85 kB
ℹ ../node_modules/.cache/nuxt/.nuxt/dist/client/_nuxt/profile.B5x9d-tX.css                             3.90 kB │ gzip:  1.14 kB
ℹ ../node_modules/.cache/nuxt/.nuxt/dist/client/_nuxt/index.BgTU5H7z.css                               9.15 kB │ gzip:  2.24 kB
ℹ ../node_modules/.cache/nuxt/.nuxt/dist/client/_nuxt/l0sNRNKZ.js                                      0.00 kB │ gzip:  0.02 kB
ℹ ../node_modules/.cache/nuxt/.nuxt/dist/client/_nuxt/BCo6x5W8.js                                      0.09 kB │ gzip:  0.10 kB
ℹ ../node_modules/.cache/nuxt/.nuxt/dist/client/_nuxt/BoAVLQoz.js                                      0.30 kB │ gzip:  0.22 kB
ℹ ../node_modules/.cache/nuxt/.nuxt/dist/client/_nuxt/IEaqgVS9.js                                      0.35 kB │ gzip:  0.26 kB
ℹ ../node_modules/.cache/nuxt/.nuxt/dist/client/_nuxt/C60H-aZy.js                                      3.53 kB │ gzip:  1.59 kB
ℹ ../node_modules/.cache/nuxt/.nuxt/dist/client/_nuxt/DK6pT_8H.js                                      3.85 kB │ gzip:  1.74 kB
ℹ ../node_modules/.cache/nuxt/.nuxt/dist/client/_nuxt/DfeQnUFz.js                                      5.11 kB │ gzip:  2.03 kB
ℹ ../node_modules/.cache/nuxt/.nuxt/dist/client/_nuxt/QhkKCV4s.js                                      5.37 kB │ gzip:  2.08 kB
ℹ ../node_modules/.cache/nuxt/.nuxt/dist/client/_nuxt/DCTZKsK2.js                                     15.80 kB │ gzip:  5.51 kB
ℹ ../node_modules/.cache/nuxt/.nuxt/dist/client/_nuxt/C5iRRGqZ.js                                     77.67 kB │ gzip: 28.60 kB
ℹ ../node_modules/.cache/nuxt/.nuxt/dist/client/_nuxt/D0jKExm6.js                                    112.04 kB │ gzip: 42.53 kB
ℹ ✓ built in 2.47s
✔ Client built in 2483ms
ℹ Building server...
ℹ vite v7.3.3 building ssr environment for production...
ℹ transforming...
ℹ ✓ 1 modules transformed.
ℹ rendering chunks...
ℹ ✓ built in 51ms
✔ Server built in 56ms
[nitro] ✔ Generated public .output/public
[nitro] ℹ Building Nuxt Nitro server (preset: node-server, compatibility date: 2026-05-19)
[nitro] ✔ Nuxt Nitro server built
  ├─ .output/server/chunks/_/error-500.mjs (5.09 kB) (2.06 kB gzip)
  ├─ .output/server/chunks/_/error-500.mjs.map (182 B) (156 B gzip)
  ├─ .output/server/chunks/build/client.precomputed.mjs (15.1 kB) (1.62 kB gzip)
  ├─ .output/server/chunks/build/client.precomputed.mjs.map (188 B) (150 B gzip)
  ├─ .output/server/chunks/nitro/nitro.mjs (163 kB) (40.3 kB gzip)
  ├─ .output/server/chunks/nitro/nitro.mjs.map (3.07 kB) (759 B gzip)
  ├─ .output/server/chunks/routes/renderer.mjs (13 kB) (4.19 kB gzip)
  ├─ .output/server/chunks/routes/renderer.mjs.map (717 B) (252 B gzip)
  ├─ .output/server/chunks/virtual/_virtual_spa-template.mjs (94 B) (100 B gzip)
  ├─ .output/server/chunks/virtual/_virtual_spa-template.mjs.map (90 B) (98 B gzip)
  ├─ .output/server/index.mjs (353 B) (203 B gzip)
  └─ .output/server/package.json (661 B) (295 B gzip)
Σ Total size: 1.69 MB (409 kB gzip)
[nitro] ✔ You can preview this build using node .output/server/index.mjs
│
└  ✨ Build complete!
